ARM GAS  C:\Users\papai\AppData\Local\Temp\ccChdite.s 			page 1


   1              		.cpu cortex-m4
   2              		.arch armv7e-m
   3              		.fpu fpv4-sp-d16
   4              		.eabi_attribute 27, 1
   5              		.eabi_attribute 28, 1
   6              		.eabi_attribute 20, 1
   7              		.eabi_attribute 21, 1
   8              		.eabi_attribute 23, 3
   9              		.eabi_attribute 24, 1
  10              		.eabi_attribute 25, 1
  11              		.eabi_attribute 26, 1
  12              		.eabi_attribute 30, 1
  13              		.eabi_attribute 34, 1
  14              		.eabi_attribute 18, 4
  15              		.file	"gpio.c"
  16              		.text
  17              	.Ltext0:
  18              		.cfi_sections	.debug_frame
  19              		.section	.text.MX_GPIO_Init,"ax",%progbits
  20              		.align	1
  21              		.global	MX_GPIO_Init
  22              		.syntax unified
  23              		.thumb
  24              		.thumb_func
  26              	MX_GPIO_Init:
  27              	.LFB130:
  28              		.file 1 "Core/Src/gpio.c"
   1:Core/Src/gpio.c **** /* USER CODE BEGIN Header */
   2:Core/Src/gpio.c **** /**
   3:Core/Src/gpio.c ****   ******************************************************************************
   4:Core/Src/gpio.c ****   * @file    gpio.c
   5:Core/Src/gpio.c ****   * @brief   This file provides code for the configuration
   6:Core/Src/gpio.c ****   *          of all used GPIO pins.
   7:Core/Src/gpio.c ****   ******************************************************************************
   8:Core/Src/gpio.c ****   * @attention
   9:Core/Src/gpio.c ****   *
  10:Core/Src/gpio.c ****   * Copyright (c) 2023 STMicroelectronics.
  11:Core/Src/gpio.c ****   * All rights reserved.
  12:Core/Src/gpio.c ****   *
  13:Core/Src/gpio.c ****   * This software is licensed under terms that can be found in the LICENSE file
  14:Core/Src/gpio.c ****   * in the root directory of this software component.
  15:Core/Src/gpio.c ****   * If no LICENSE file comes with this software, it is provided AS-IS.
  16:Core/Src/gpio.c ****   *
  17:Core/Src/gpio.c ****   ******************************************************************************
  18:Core/Src/gpio.c ****   */
  19:Core/Src/gpio.c **** /* USER CODE END Header */
  20:Core/Src/gpio.c **** 
  21:Core/Src/gpio.c **** /* Includes ------------------------------------------------------------------*/
  22:Core/Src/gpio.c **** #include "gpio.h"
  23:Core/Src/gpio.c **** 
  24:Core/Src/gpio.c **** /* USER CODE BEGIN 0 */
  25:Core/Src/gpio.c **** 
  26:Core/Src/gpio.c **** /* USER CODE END 0 */
  27:Core/Src/gpio.c **** 
  28:Core/Src/gpio.c **** /*----------------------------------------------------------------------------*/
  29:Core/Src/gpio.c **** /* Configure GPIO                                                             */
  30:Core/Src/gpio.c **** /*----------------------------------------------------------------------------*/
ARM GAS  C:\Users\papai\AppData\Local\Temp\ccChdite.s 			page 2


  31:Core/Src/gpio.c **** /* USER CODE BEGIN 1 */
  32:Core/Src/gpio.c **** 
  33:Core/Src/gpio.c **** /* USER CODE END 1 */
  34:Core/Src/gpio.c **** 
  35:Core/Src/gpio.c **** /** Configure pins
  36:Core/Src/gpio.c **** */
  37:Core/Src/gpio.c **** void MX_GPIO_Init(void)
  38:Core/Src/gpio.c **** {
  29              		.loc 1 38 1 view -0
  30              		.cfi_startproc
  31              		@ args = 0, pretend = 0, frame = 32
  32              		@ frame_needed = 0, uses_anonymous_args = 0
  33 0000 2DE9F041 		push	{r4, r5, r6, r7, r8, lr}
  34              	.LCFI0:
  35              		.cfi_def_cfa_offset 24
  36              		.cfi_offset 4, -24
  37              		.cfi_offset 5, -20
  38              		.cfi_offset 6, -16
  39              		.cfi_offset 7, -12
  40              		.cfi_offset 8, -8
  41              		.cfi_offset 14, -4
  42 0004 88B0     		sub	sp, sp, #32
  43              	.LCFI1:
  44              		.cfi_def_cfa_offset 56
  39:Core/Src/gpio.c **** 
  40:Core/Src/gpio.c ****   GPIO_InitTypeDef GPIO_InitStruct = {0};
  45              		.loc 1 40 3 view .LVU1
  46              		.loc 1 40 20 is_stmt 0 view .LVU2
  47 0006 0024     		movs	r4, #0
  48 0008 0394     		str	r4, [sp, #12]
  49 000a 0494     		str	r4, [sp, #16]
  50 000c 0594     		str	r4, [sp, #20]
  51 000e 0694     		str	r4, [sp, #24]
  52 0010 0794     		str	r4, [sp, #28]
  41:Core/Src/gpio.c **** 
  42:Core/Src/gpio.c ****   /* GPIO Ports Clock Enable */
  43:Core/Src/gpio.c ****   __HAL_RCC_GPIOA_CLK_ENABLE();
  53              		.loc 1 43 3 is_stmt 1 view .LVU3
  54              	.LBB2:
  55              		.loc 1 43 3 view .LVU4
  56 0012 0194     		str	r4, [sp, #4]
  57              		.loc 1 43 3 view .LVU5
  58 0014 204B     		ldr	r3, .L3
  59 0016 1A6B     		ldr	r2, [r3, #48]
  60 0018 42F00102 		orr	r2, r2, #1
  61 001c 1A63     		str	r2, [r3, #48]
  62              		.loc 1 43 3 view .LVU6
  63 001e 1A6B     		ldr	r2, [r3, #48]
  64 0020 02F00102 		and	r2, r2, #1
  65 0024 0192     		str	r2, [sp, #4]
  66              		.loc 1 43 3 view .LVU7
  67 0026 019A     		ldr	r2, [sp, #4]
  68              	.LBE2:
  69              		.loc 1 43 3 view .LVU8
  44:Core/Src/gpio.c ****   __HAL_RCC_GPIOB_CLK_ENABLE();
  70              		.loc 1 44 3 view .LVU9
  71              	.LBB3:
ARM GAS  C:\Users\papai\AppData\Local\Temp\ccChdite.s 			page 3


  72              		.loc 1 44 3 view .LVU10
  73 0028 0294     		str	r4, [sp, #8]
  74              		.loc 1 44 3 view .LVU11
  75 002a 1A6B     		ldr	r2, [r3, #48]
  76 002c 42F00202 		orr	r2, r2, #2
  77 0030 1A63     		str	r2, [r3, #48]
  78              		.loc 1 44 3 view .LVU12
  79 0032 1B6B     		ldr	r3, [r3, #48]
  80 0034 03F00203 		and	r3, r3, #2
  81 0038 0293     		str	r3, [sp, #8]
  82              		.loc 1 44 3 view .LVU13
  83 003a 029B     		ldr	r3, [sp, #8]
  84              	.LBE3:
  85              		.loc 1 44 3 view .LVU14
  45:Core/Src/gpio.c **** 
  46:Core/Src/gpio.c ****   /*Configure GPIO pin Output Level */
  47:Core/Src/gpio.c ****   HAL_GPIO_WritePin(GPIOA, LedD2_Pin|LedD3_Pin, GPIO_PIN_RESET);
  86              		.loc 1 47 3 view .LVU15
  87 003c 174E     		ldr	r6, .L3+4
  88 003e 2246     		mov	r2, r4
  89 0040 C021     		movs	r1, #192
  90 0042 3046     		mov	r0, r6
  91 0044 FFF7FEFF 		bl	HAL_GPIO_WritePin
  92              	.LVL0:
  48:Core/Src/gpio.c **** 
  49:Core/Src/gpio.c ****   /*Configure GPIO pin Output Level */
  50:Core/Src/gpio.c ****   HAL_GPIO_WritePin(FLASH_CS_GPIO_Port, FLASH_CS_Pin, GPIO_PIN_RESET);
  93              		.loc 1 50 3 view .LVU16
  94 0048 154F     		ldr	r7, .L3+8
  95 004a 2246     		mov	r2, r4
  96 004c 0221     		movs	r1, #2
  97 004e 3846     		mov	r0, r7
  98 0050 FFF7FEFF 		bl	HAL_GPIO_WritePin
  99              	.LVL1:
  51:Core/Src/gpio.c **** 
  52:Core/Src/gpio.c ****   /*Configure GPIO pin : PtPin */
  53:Core/Src/gpio.c ****   GPIO_InitStruct.Pin = LedD2_Pin;
 100              		.loc 1 53 3 view .LVU17
 101              		.loc 1 53 23 is_stmt 0 view .LVU18
 102 0054 4023     		movs	r3, #64
 103 0056 0393     		str	r3, [sp, #12]
  54:Core/Src/gpio.c ****   GPIO_InitStruct.Mode = GPIO_MODE_OUTPUT_PP;
 104              		.loc 1 54 3 is_stmt 1 view .LVU19
 105              		.loc 1 54 24 is_stmt 0 view .LVU20
 106 0058 0125     		movs	r5, #1
 107 005a 0495     		str	r5, [sp, #16]
  55:Core/Src/gpio.c ****   GPIO_InitStruct.Pull = GPIO_PULLUP;
 108              		.loc 1 55 3 is_stmt 1 view .LVU21
 109              		.loc 1 55 24 is_stmt 0 view .LVU22
 110 005c 0595     		str	r5, [sp, #20]
  56:Core/Src/gpio.c ****   GPIO_InitStruct.Speed = GPIO_SPEED_FREQ_LOW;
 111              		.loc 1 56 3 is_stmt 1 view .LVU23
 112              		.loc 1 56 25 is_stmt 0 view .LVU24
 113 005e 0694     		str	r4, [sp, #24]
  57:Core/Src/gpio.c ****   HAL_GPIO_Init(LedD2_GPIO_Port, &GPIO_InitStruct);
 114              		.loc 1 57 3 is_stmt 1 view .LVU25
 115 0060 03A9     		add	r1, sp, #12
ARM GAS  C:\Users\papai\AppData\Local\Temp\ccChdite.s 			page 4


 116 0062 3046     		mov	r0, r6
 117 0064 FFF7FEFF 		bl	HAL_GPIO_Init
 118              	.LVL2:
  58:Core/Src/gpio.c **** 
  59:Core/Src/gpio.c ****   /*Configure GPIO pin : PtPin */
  60:Core/Src/gpio.c ****   GPIO_InitStruct.Pin = LedD3_Pin;
 119              		.loc 1 60 3 view .LVU26
 120              		.loc 1 60 23 is_stmt 0 view .LVU27
 121 0068 8023     		movs	r3, #128
 122 006a 0393     		str	r3, [sp, #12]
  61:Core/Src/gpio.c ****   GPIO_InitStruct.Mode = GPIO_MODE_OUTPUT_PP;
 123              		.loc 1 61 3 is_stmt 1 view .LVU28
 124              		.loc 1 61 24 is_stmt 0 view .LVU29
 125 006c 0495     		str	r5, [sp, #16]
  62:Core/Src/gpio.c ****   GPIO_InitStruct.Pull = GPIO_PULLDOWN;
 126              		.loc 1 62 3 is_stmt 1 view .LVU30
 127              		.loc 1 62 24 is_stmt 0 view .LVU31
 128 006e 4FF00208 		mov	r8, #2
 129 0072 CDF81480 		str	r8, [sp, #20]
  63:Core/Src/gpio.c ****   GPIO_InitStruct.Speed = GPIO_SPEED_FREQ_LOW;
 130              		.loc 1 63 3 is_stmt 1 view .LVU32
 131              		.loc 1 63 25 is_stmt 0 view .LVU33
 132 0076 0694     		str	r4, [sp, #24]
  64:Core/Src/gpio.c ****   HAL_GPIO_Init(LedD3_GPIO_Port, &GPIO_InitStruct);
 133              		.loc 1 64 3 is_stmt 1 view .LVU34
 134 0078 03A9     		add	r1, sp, #12
 135 007a 3046     		mov	r0, r6
 136 007c FFF7FEFF 		bl	HAL_GPIO_Init
 137              	.LVL3:
  65:Core/Src/gpio.c **** 
  66:Core/Src/gpio.c ****   /*Configure GPIO pin : PtPin */
  67:Core/Src/gpio.c ****   GPIO_InitStruct.Pin = FLASH_CS_Pin;
 138              		.loc 1 67 3 view .LVU35
 139              		.loc 1 67 23 is_stmt 0 view .LVU36
 140 0080 CDF80C80 		str	r8, [sp, #12]
  68:Core/Src/gpio.c ****   GPIO_InitStruct.Mode = GPIO_MODE_OUTPUT_PP;
 141              		.loc 1 68 3 is_stmt 1 view .LVU37
 142              		.loc 1 68 24 is_stmt 0 view .LVU38
 143 0084 0495     		str	r5, [sp, #16]
  69:Core/Src/gpio.c ****   GPIO_InitStruct.Pull = GPIO_PULLUP;
 144              		.loc 1 69 3 is_stmt 1 view .LVU39
 145              		.loc 1 69 24 is_stmt 0 view .LVU40
 146 0086 0595     		str	r5, [sp, #20]
  70:Core/Src/gpio.c ****   GPIO_InitStruct.Speed = GPIO_SPEED_FREQ_LOW;
 147              		.loc 1 70 3 is_stmt 1 view .LVU41
 148              		.loc 1 70 25 is_stmt 0 view .LVU42
 149 0088 0694     		str	r4, [sp, #24]
  71:Core/Src/gpio.c ****   HAL_GPIO_Init(FLASH_CS_GPIO_Port, &GPIO_InitStruct);
 150              		.loc 1 71 3 is_stmt 1 view .LVU43
 151 008a 03A9     		add	r1, sp, #12
 152 008c 3846     		mov	r0, r7
 153 008e FFF7FEFF 		bl	HAL_GPIO_Init
 154              	.LVL4:
  72:Core/Src/gpio.c **** 
  73:Core/Src/gpio.c **** }
 155              		.loc 1 73 1 is_stmt 0 view .LVU44
 156 0092 08B0     		add	sp, sp, #32
ARM GAS  C:\Users\papai\AppData\Local\Temp\ccChdite.s 			page 5


 157              	.LCFI2:
 158              		.cfi_def_cfa_offset 24
 159              		@ sp needed
 160 0094 BDE8F081 		pop	{r4, r5, r6, r7, r8, pc}
 161              	.L4:
 162              		.align	2
 163              	.L3:
 164 0098 00380240 		.word	1073887232
 165 009c 00000240 		.word	1073872896
 166 00a0 00040240 		.word	1073873920
 167              		.cfi_endproc
 168              	.LFE130:
 170              		.text
 171              	.Letext0:
 172              		.file 2 "c:\\program files (x86)\\gnu arm embedded toolchain\\10 2021.10\\arm-none-eabi\\include\\
 173              		.file 3 "c:\\program files (x86)\\gnu arm embedded toolchain\\10 2021.10\\arm-none-eabi\\include\\
 174              		.file 4 "Drivers/CMSIS/Device/ST/STM32F4xx/Include/stm32f407xx.h"
 175              		.file 5 "Drivers/STM32F4xx_HAL_Driver/Inc/stm32f4xx_hal_gpio.h"
ARM GAS  C:\Users\papai\AppData\Local\Temp\ccChdite.s 			page 6


DEFINED SYMBOLS
                            *ABS*:00000000 gpio.c
C:\Users\papai\AppData\Local\Temp\ccChdite.s:20     .text.MX_GPIO_Init:00000000 $t
C:\Users\papai\AppData\Local\Temp\ccChdite.s:26     .text.MX_GPIO_Init:00000000 MX_GPIO_Init
C:\Users\papai\AppData\Local\Temp\ccChdite.s:164    .text.MX_GPIO_Init:00000098 $d

UNDEFINED SYMBOLS
HAL_GPIO_WritePin
HAL_GPIO_Init
