ARM GAS  C:\Users\papai\AppData\Local\Temp\ccF7sGV6.s 			page 1


   1              		.cpu cortex-m4
   2              		.arch armv7e-m
   3              		.fpu fpv4-sp-d16
   4              		.eabi_attribute 27, 1
   5              		.eabi_attribute 28, 1
   6              		.eabi_attribute 20, 1
   7              		.eabi_attribute 21, 1
   8              		.eabi_attribute 23, 3
   9              		.eabi_attribute 24, 1
  10              		.eabi_attribute 25, 1
  11              		.eabi_attribute 26, 1
  12              		.eabi_attribute 30, 1
  13              		.eabi_attribute 34, 1
  14              		.eabi_attribute 18, 4
  15              		.file	"main.c"
  16              		.text
  17              	.Ltext0:
  18              		.cfi_sections	.debug_frame
  19              		.section	.text.Error_Handler,"ax",%progbits
  20              		.align	1
  21              		.global	Error_Handler
  22              		.syntax unified
  23              		.thumb
  24              		.thumb_func
  26              	Error_Handler:
  27              	.LFB136:
  28              		.file 1 "Core/Src/main.c"
   1:Core/Src/main.c **** /* USER CODE BEGIN Header */
   2:Core/Src/main.c **** /**
   3:Core/Src/main.c ****   ******************************************************************************
   4:Core/Src/main.c ****   * @file           : main.c
   5:Core/Src/main.c ****   * @brief          : Main program body
   6:Core/Src/main.c ****   ******************************************************************************
   7:Core/Src/main.c ****   * @attention
   8:Core/Src/main.c ****   *
   9:Core/Src/main.c ****   * Copyright (c) 2023 STMicroelectronics.
  10:Core/Src/main.c ****   * All rights reserved.
  11:Core/Src/main.c ****   *
  12:Core/Src/main.c ****   * This software is licensed under terms that can be found in the LICENSE file
  13:Core/Src/main.c ****   * in the root directory of this software component.
  14:Core/Src/main.c ****   * If no LICENSE file comes with this software, it is provided AS-IS.
  15:Core/Src/main.c ****   *
  16:Core/Src/main.c ****   ******************************************************************************
  17:Core/Src/main.c ****   */
  18:Core/Src/main.c **** /* USER CODE END Header */
  19:Core/Src/main.c **** /* Includes ------------------------------------------------------------------*/
  20:Core/Src/main.c **** #include "main.h"
  21:Core/Src/main.c **** #include "cmsis_os.h"
  22:Core/Src/main.c **** #include "spi.h"
  23:Core/Src/main.c **** #include "usart.h"
  24:Core/Src/main.c **** #include "gpio.h"
  25:Core/Src/main.c **** 
  26:Core/Src/main.c **** /* Private includes ----------------------------------------------------------*/
  27:Core/Src/main.c **** /* USER CODE BEGIN Includes */
  28:Core/Src/main.c **** 
  29:Core/Src/main.c **** /* USER CODE END Includes */
  30:Core/Src/main.c **** 
ARM GAS  C:\Users\papai\AppData\Local\Temp\ccF7sGV6.s 			page 2


  31:Core/Src/main.c **** /* Private typedef -----------------------------------------------------------*/
  32:Core/Src/main.c **** /* USER CODE BEGIN PTD */
  33:Core/Src/main.c **** 
  34:Core/Src/main.c **** /* USER CODE END PTD */
  35:Core/Src/main.c **** 
  36:Core/Src/main.c **** /* Private define ------------------------------------------------------------*/
  37:Core/Src/main.c **** /* USER CODE BEGIN PD */
  38:Core/Src/main.c **** 
  39:Core/Src/main.c **** /* USER CODE END PD */
  40:Core/Src/main.c **** 
  41:Core/Src/main.c **** /* Private macro -------------------------------------------------------------*/
  42:Core/Src/main.c **** /* USER CODE BEGIN PM */
  43:Core/Src/main.c **** 
  44:Core/Src/main.c **** /* USER CODE END PM */
  45:Core/Src/main.c **** 
  46:Core/Src/main.c **** /* Private variables ---------------------------------------------------------*/
  47:Core/Src/main.c **** 
  48:Core/Src/main.c **** /* USER CODE BEGIN PV */
  49:Core/Src/main.c **** 
  50:Core/Src/main.c **** /* USER CODE END PV */
  51:Core/Src/main.c **** 
  52:Core/Src/main.c **** /* Private function prototypes -----------------------------------------------*/
  53:Core/Src/main.c **** void SystemClock_Config(void);
  54:Core/Src/main.c **** void MX_FREERTOS_Init(void);
  55:Core/Src/main.c **** /* USER CODE BEGIN PFP */
  56:Core/Src/main.c **** 
  57:Core/Src/main.c **** /* USER CODE END PFP */
  58:Core/Src/main.c **** 
  59:Core/Src/main.c **** /* Private user code ---------------------------------------------------------*/
  60:Core/Src/main.c **** /* USER CODE BEGIN 0 */
  61:Core/Src/main.c **** 
  62:Core/Src/main.c **** /* USER CODE END 0 */
  63:Core/Src/main.c **** 
  64:Core/Src/main.c **** /**
  65:Core/Src/main.c ****   * @brief  The application entry point.
  66:Core/Src/main.c ****   * @retval int
  67:Core/Src/main.c ****   */
  68:Core/Src/main.c **** int main(void)
  69:Core/Src/main.c **** {
  70:Core/Src/main.c ****   /* USER CODE BEGIN 1 */
  71:Core/Src/main.c **** 
  72:Core/Src/main.c ****   /* USER CODE END 1 */
  73:Core/Src/main.c **** 
  74:Core/Src/main.c ****   /* MCU Configuration--------------------------------------------------------*/
  75:Core/Src/main.c **** 
  76:Core/Src/main.c ****   /* Reset of all peripherals, Initializes the Flash interface and the Systick. */
  77:Core/Src/main.c ****   HAL_Init();
  78:Core/Src/main.c **** 
  79:Core/Src/main.c ****   /* USER CODE BEGIN Init */
  80:Core/Src/main.c **** 
  81:Core/Src/main.c ****   /* USER CODE END Init */
  82:Core/Src/main.c **** 
  83:Core/Src/main.c ****   /* Configure the system clock */
  84:Core/Src/main.c ****   SystemClock_Config();
  85:Core/Src/main.c **** 
  86:Core/Src/main.c ****   /* USER CODE BEGIN SysInit */
  87:Core/Src/main.c **** 
ARM GAS  C:\Users\papai\AppData\Local\Temp\ccF7sGV6.s 			page 3


  88:Core/Src/main.c ****   /* USER CODE END SysInit */
  89:Core/Src/main.c **** 
  90:Core/Src/main.c ****   /* Initialize all configured peripherals */
  91:Core/Src/main.c ****   MX_GPIO_Init();
  92:Core/Src/main.c ****   MX_SPI1_Init();
  93:Core/Src/main.c ****   MX_USART1_Init();
  94:Core/Src/main.c ****   /* USER CODE BEGIN 2 */
  95:Core/Src/main.c **** 
  96:Core/Src/main.c ****   /* USER CODE END 2 */
  97:Core/Src/main.c **** 
  98:Core/Src/main.c ****   /* Init scheduler */
  99:Core/Src/main.c ****   osKernelInitialize();  /* Call init function for freertos objects (in freertos.c) */
 100:Core/Src/main.c ****   MX_FREERTOS_Init();
 101:Core/Src/main.c **** 
 102:Core/Src/main.c ****   /* Start scheduler */
 103:Core/Src/main.c ****   osKernelStart();
 104:Core/Src/main.c **** 
 105:Core/Src/main.c ****   /* We should never get here as control is now taken by the scheduler */
 106:Core/Src/main.c ****   /* Infinite loop */
 107:Core/Src/main.c ****   /* USER CODE BEGIN WHILE */
 108:Core/Src/main.c ****   while (1)
 109:Core/Src/main.c ****   {
 110:Core/Src/main.c ****     /* USER CODE END WHILE */
 111:Core/Src/main.c **** 
 112:Core/Src/main.c ****     /* USER CODE BEGIN 3 */
 113:Core/Src/main.c ****   }
 114:Core/Src/main.c ****   /* USER CODE END 3 */
 115:Core/Src/main.c **** }
 116:Core/Src/main.c **** 
 117:Core/Src/main.c **** /**
 118:Core/Src/main.c ****   * @brief System Clock Configuration
 119:Core/Src/main.c ****   * @retval None
 120:Core/Src/main.c ****   */
 121:Core/Src/main.c **** void SystemClock_Config(void)
 122:Core/Src/main.c **** {
 123:Core/Src/main.c ****   RCC_OscInitTypeDef RCC_OscInitStruct = {0};
 124:Core/Src/main.c ****   RCC_ClkInitTypeDef RCC_ClkInitStruct = {0};
 125:Core/Src/main.c **** 
 126:Core/Src/main.c ****   /** Configure the main internal regulator output voltage
 127:Core/Src/main.c ****   */
 128:Core/Src/main.c ****   __HAL_RCC_PWR_CLK_ENABLE();
 129:Core/Src/main.c ****   __HAL_PWR_VOLTAGESCALING_CONFIG(PWR_REGULATOR_VOLTAGE_SCALE1);
 130:Core/Src/main.c **** 
 131:Core/Src/main.c ****   /** Initializes the RCC Oscillators according to the specified parameters
 132:Core/Src/main.c ****   * in the RCC_OscInitTypeDef structure.
 133:Core/Src/main.c ****   */
 134:Core/Src/main.c ****   RCC_OscInitStruct.OscillatorType = RCC_OSCILLATORTYPE_HSI;
 135:Core/Src/main.c ****   RCC_OscInitStruct.HSIState = RCC_HSI_ON;
 136:Core/Src/main.c ****   RCC_OscInitStruct.HSICalibrationValue = RCC_HSICALIBRATION_DEFAULT;
 137:Core/Src/main.c ****   RCC_OscInitStruct.PLL.PLLState = RCC_PLL_NONE;
 138:Core/Src/main.c ****   if (HAL_RCC_OscConfig(&RCC_OscInitStruct) != HAL_OK)
 139:Core/Src/main.c ****   {
 140:Core/Src/main.c ****     Error_Handler();
 141:Core/Src/main.c ****   }
 142:Core/Src/main.c **** 
 143:Core/Src/main.c ****   /** Initializes the CPU, AHB and APB buses clocks
 144:Core/Src/main.c ****   */
ARM GAS  C:\Users\papai\AppData\Local\Temp\ccF7sGV6.s 			page 4


 145:Core/Src/main.c ****   RCC_ClkInitStruct.ClockType = RCC_CLOCKTYPE_HCLK|RCC_CLOCKTYPE_SYSCLK
 146:Core/Src/main.c ****                               |RCC_CLOCKTYPE_PCLK1|RCC_CLOCKTYPE_PCLK2;
 147:Core/Src/main.c ****   RCC_ClkInitStruct.SYSCLKSource = RCC_SYSCLKSOURCE_HSI;
 148:Core/Src/main.c ****   RCC_ClkInitStruct.AHBCLKDivider = RCC_SYSCLK_DIV1;
 149:Core/Src/main.c ****   RCC_ClkInitStruct.APB1CLKDivider = RCC_HCLK_DIV1;
 150:Core/Src/main.c ****   RCC_ClkInitStruct.APB2CLKDivider = RCC_HCLK_DIV1;
 151:Core/Src/main.c **** 
 152:Core/Src/main.c ****   if (HAL_RCC_ClockConfig(&RCC_ClkInitStruct, FLASH_LATENCY_0) != HAL_OK)
 153:Core/Src/main.c ****   {
 154:Core/Src/main.c ****     Error_Handler();
 155:Core/Src/main.c ****   }
 156:Core/Src/main.c **** }
 157:Core/Src/main.c **** 
 158:Core/Src/main.c **** /* USER CODE BEGIN 4 */
 159:Core/Src/main.c **** 
 160:Core/Src/main.c **** /* USER CODE END 4 */
 161:Core/Src/main.c **** 
 162:Core/Src/main.c **** /**
 163:Core/Src/main.c ****   * @brief  This function is executed in case of error occurrence.
 164:Core/Src/main.c ****   * @retval None
 165:Core/Src/main.c ****   */
 166:Core/Src/main.c **** void Error_Handler(void)
 167:Core/Src/main.c **** {
  29              		.loc 1 167 1 view -0
  30              		.cfi_startproc
  31              		@ Volatile: function does not return.
  32              		@ args = 0, pretend = 0, frame = 0
  33              		@ frame_needed = 0, uses_anonymous_args = 0
  34              		@ link register save eliminated.
 168:Core/Src/main.c ****   /* USER CODE BEGIN Error_Handler_Debug */
 169:Core/Src/main.c ****   /* User can add his own implementation to report the HAL error return state */
 170:Core/Src/main.c ****   __disable_irq();
  35              		.loc 1 170 3 view .LVU1
  36              	.LBB4:
  37              	.LBI4:
  38              		.file 2 "Drivers/CMSIS/Include/cmsis_gcc.h"
   1:Drivers/CMSIS/Include/cmsis_gcc.h **** /**************************************************************************//**
   2:Drivers/CMSIS/Include/cmsis_gcc.h ****  * @file     cmsis_gcc.h
   3:Drivers/CMSIS/Include/cmsis_gcc.h ****  * @brief    CMSIS compiler GCC header file
   4:Drivers/CMSIS/Include/cmsis_gcc.h ****  * @version  V5.0.4
   5:Drivers/CMSIS/Include/cmsis_gcc.h ****  * @date     09. April 2018
   6:Drivers/CMSIS/Include/cmsis_gcc.h ****  ******************************************************************************/
   7:Drivers/CMSIS/Include/cmsis_gcc.h **** /*
   8:Drivers/CMSIS/Include/cmsis_gcc.h ****  * Copyright (c) 2009-2018 Arm Limited. All rights reserved.
   9:Drivers/CMSIS/Include/cmsis_gcc.h ****  *
  10:Drivers/CMSIS/Include/cmsis_gcc.h ****  * SPDX-License-Identifier: Apache-2.0
  11:Drivers/CMSIS/Include/cmsis_gcc.h ****  *
  12:Drivers/CMSIS/Include/cmsis_gcc.h ****  * Licensed under the Apache License, Version 2.0 (the License); you may
  13:Drivers/CMSIS/Include/cmsis_gcc.h ****  * not use this file except in compliance with the License.
  14:Drivers/CMSIS/Include/cmsis_gcc.h ****  * You may obtain a copy of the License at
  15:Drivers/CMSIS/Include/cmsis_gcc.h ****  *
  16:Drivers/CMSIS/Include/cmsis_gcc.h ****  * www.apache.org/licenses/LICENSE-2.0
  17:Drivers/CMSIS/Include/cmsis_gcc.h ****  *
  18:Drivers/CMSIS/Include/cmsis_gcc.h ****  * Unless required by applicable law or agreed to in writing, software
  19:Drivers/CMSIS/Include/cmsis_gcc.h ****  * distributed under the License is distributed on an AS IS BASIS, WITHOUT
  20:Drivers/CMSIS/Include/cmsis_gcc.h ****  * WARRANTIES OR CONDITIONS OF ANY KIND, either express or implied.
  21:Drivers/CMSIS/Include/cmsis_gcc.h ****  * See the License for the specific language governing permissions and
ARM GAS  C:\Users\papai\AppData\Local\Temp\ccF7sGV6.s 			page 5


  22:Drivers/CMSIS/Include/cmsis_gcc.h ****  * limitations under the License.
  23:Drivers/CMSIS/Include/cmsis_gcc.h ****  */
  24:Drivers/CMSIS/Include/cmsis_gcc.h **** 
  25:Drivers/CMSIS/Include/cmsis_gcc.h **** #ifndef __CMSIS_GCC_H
  26:Drivers/CMSIS/Include/cmsis_gcc.h **** #define __CMSIS_GCC_H
  27:Drivers/CMSIS/Include/cmsis_gcc.h **** 
  28:Drivers/CMSIS/Include/cmsis_gcc.h **** /* ignore some GCC warnings */
  29:Drivers/CMSIS/Include/cmsis_gcc.h **** #pragma GCC diagnostic push
  30:Drivers/CMSIS/Include/cmsis_gcc.h **** #pragma GCC diagnostic ignored "-Wsign-conversion"
  31:Drivers/CMSIS/Include/cmsis_gcc.h **** #pragma GCC diagnostic ignored "-Wconversion"
  32:Drivers/CMSIS/Include/cmsis_gcc.h **** #pragma GCC diagnostic ignored "-Wunused-parameter"
  33:Drivers/CMSIS/Include/cmsis_gcc.h **** 
  34:Drivers/CMSIS/Include/cmsis_gcc.h **** /* Fallback for __has_builtin */
  35:Drivers/CMSIS/Include/cmsis_gcc.h **** #ifndef __has_builtin
  36:Drivers/CMSIS/Include/cmsis_gcc.h ****   #define __has_builtin(x) (0)
  37:Drivers/CMSIS/Include/cmsis_gcc.h **** #endif
  38:Drivers/CMSIS/Include/cmsis_gcc.h **** 
  39:Drivers/CMSIS/Include/cmsis_gcc.h **** /* CMSIS compiler specific defines */
  40:Drivers/CMSIS/Include/cmsis_gcc.h **** #ifndef   __ASM
  41:Drivers/CMSIS/Include/cmsis_gcc.h ****   #define __ASM                                  __asm
  42:Drivers/CMSIS/Include/cmsis_gcc.h **** #endif
  43:Drivers/CMSIS/Include/cmsis_gcc.h **** #ifndef   __INLINE
  44:Drivers/CMSIS/Include/cmsis_gcc.h ****   #define __INLINE                               inline
  45:Drivers/CMSIS/Include/cmsis_gcc.h **** #endif
  46:Drivers/CMSIS/Include/cmsis_gcc.h **** #ifndef   __STATIC_INLINE
  47:Drivers/CMSIS/Include/cmsis_gcc.h ****   #define __STATIC_INLINE                        static inline
  48:Drivers/CMSIS/Include/cmsis_gcc.h **** #endif
  49:Drivers/CMSIS/Include/cmsis_gcc.h **** #ifndef   __STATIC_FORCEINLINE                 
  50:Drivers/CMSIS/Include/cmsis_gcc.h ****   #define __STATIC_FORCEINLINE                   __attribute__((always_inline)) static inline
  51:Drivers/CMSIS/Include/cmsis_gcc.h **** #endif                                           
  52:Drivers/CMSIS/Include/cmsis_gcc.h **** #ifndef   __NO_RETURN
  53:Drivers/CMSIS/Include/cmsis_gcc.h ****   #define __NO_RETURN                            __attribute__((__noreturn__))
  54:Drivers/CMSIS/Include/cmsis_gcc.h **** #endif
  55:Drivers/CMSIS/Include/cmsis_gcc.h **** #ifndef   __USED
  56:Drivers/CMSIS/Include/cmsis_gcc.h ****   #define __USED                                 __attribute__((used))
  57:Drivers/CMSIS/Include/cmsis_gcc.h **** #endif
  58:Drivers/CMSIS/Include/cmsis_gcc.h **** #ifndef   __WEAK
  59:Drivers/CMSIS/Include/cmsis_gcc.h ****   #define __WEAK                                 __attribute__((weak))
  60:Drivers/CMSIS/Include/cmsis_gcc.h **** #endif
  61:Drivers/CMSIS/Include/cmsis_gcc.h **** #ifndef   __PACKED
  62:Drivers/CMSIS/Include/cmsis_gcc.h ****   #define __PACKED                               __attribute__((packed, aligned(1)))
  63:Drivers/CMSIS/Include/cmsis_gcc.h **** #endif
  64:Drivers/CMSIS/Include/cmsis_gcc.h **** #ifndef   __PACKED_STRUCT
  65:Drivers/CMSIS/Include/cmsis_gcc.h ****   #define __PACKED_STRUCT                        struct __attribute__((packed, aligned(1)))
  66:Drivers/CMSIS/Include/cmsis_gcc.h **** #endif
  67:Drivers/CMSIS/Include/cmsis_gcc.h **** #ifndef   __PACKED_UNION
  68:Drivers/CMSIS/Include/cmsis_gcc.h ****   #define __PACKED_UNION                         union __attribute__((packed, aligned(1)))
  69:Drivers/CMSIS/Include/cmsis_gcc.h **** #endif
  70:Drivers/CMSIS/Include/cmsis_gcc.h **** #ifndef   __UNALIGNED_UINT32        /* deprecated */
  71:Drivers/CMSIS/Include/cmsis_gcc.h ****   #pragma GCC diagnostic push
  72:Drivers/CMSIS/Include/cmsis_gcc.h ****   #pragma GCC diagnostic ignored "-Wpacked"
  73:Drivers/CMSIS/Include/cmsis_gcc.h ****   #pragma GCC diagnostic ignored "-Wattributes"
  74:Drivers/CMSIS/Include/cmsis_gcc.h ****   struct __attribute__((packed)) T_UINT32 { uint32_t v; };
  75:Drivers/CMSIS/Include/cmsis_gcc.h ****   #pragma GCC diagnostic pop
  76:Drivers/CMSIS/Include/cmsis_gcc.h ****   #define __UNALIGNED_UINT32(x)                  (((struct T_UINT32 *)(x))->v)
  77:Drivers/CMSIS/Include/cmsis_gcc.h **** #endif
  78:Drivers/CMSIS/Include/cmsis_gcc.h **** #ifndef   __UNALIGNED_UINT16_WRITE
ARM GAS  C:\Users\papai\AppData\Local\Temp\ccF7sGV6.s 			page 6


  79:Drivers/CMSIS/Include/cmsis_gcc.h ****   #pragma GCC diagnostic push
  80:Drivers/CMSIS/Include/cmsis_gcc.h ****   #pragma GCC diagnostic ignored "-Wpacked"
  81:Drivers/CMSIS/Include/cmsis_gcc.h ****   #pragma GCC diagnostic ignored "-Wattributes"
  82:Drivers/CMSIS/Include/cmsis_gcc.h ****   __PACKED_STRUCT T_UINT16_WRITE { uint16_t v; };
  83:Drivers/CMSIS/Include/cmsis_gcc.h ****   #pragma GCC diagnostic pop
  84:Drivers/CMSIS/Include/cmsis_gcc.h ****   #define __UNALIGNED_UINT16_WRITE(addr, val)    (void)((((struct T_UINT16_WRITE *)(void *)(addr))-
  85:Drivers/CMSIS/Include/cmsis_gcc.h **** #endif
  86:Drivers/CMSIS/Include/cmsis_gcc.h **** #ifndef   __UNALIGNED_UINT16_READ
  87:Drivers/CMSIS/Include/cmsis_gcc.h ****   #pragma GCC diagnostic push
  88:Drivers/CMSIS/Include/cmsis_gcc.h ****   #pragma GCC diagnostic ignored "-Wpacked"
  89:Drivers/CMSIS/Include/cmsis_gcc.h ****   #pragma GCC diagnostic ignored "-Wattributes"
  90:Drivers/CMSIS/Include/cmsis_gcc.h ****   __PACKED_STRUCT T_UINT16_READ { uint16_t v; };
  91:Drivers/CMSIS/Include/cmsis_gcc.h ****   #pragma GCC diagnostic pop
  92:Drivers/CMSIS/Include/cmsis_gcc.h ****   #define __UNALIGNED_UINT16_READ(addr)          (((const struct T_UINT16_READ *)(const void *)(add
  93:Drivers/CMSIS/Include/cmsis_gcc.h **** #endif
  94:Drivers/CMSIS/Include/cmsis_gcc.h **** #ifndef   __UNALIGNED_UINT32_WRITE
  95:Drivers/CMSIS/Include/cmsis_gcc.h ****   #pragma GCC diagnostic push
  96:Drivers/CMSIS/Include/cmsis_gcc.h ****   #pragma GCC diagnostic ignored "-Wpacked"
  97:Drivers/CMSIS/Include/cmsis_gcc.h ****   #pragma GCC diagnostic ignored "-Wattributes"
  98:Drivers/CMSIS/Include/cmsis_gcc.h ****   __PACKED_STRUCT T_UINT32_WRITE { uint32_t v; };
  99:Drivers/CMSIS/Include/cmsis_gcc.h ****   #pragma GCC diagnostic pop
 100:Drivers/CMSIS/Include/cmsis_gcc.h ****   #define __UNALIGNED_UINT32_WRITE(addr, val)    (void)((((struct T_UINT32_WRITE *)(void *)(addr))-
 101:Drivers/CMSIS/Include/cmsis_gcc.h **** #endif
 102:Drivers/CMSIS/Include/cmsis_gcc.h **** #ifndef   __UNALIGNED_UINT32_READ
 103:Drivers/CMSIS/Include/cmsis_gcc.h ****   #pragma GCC diagnostic push
 104:Drivers/CMSIS/Include/cmsis_gcc.h ****   #pragma GCC diagnostic ignored "-Wpacked"
 105:Drivers/CMSIS/Include/cmsis_gcc.h ****   #pragma GCC diagnostic ignored "-Wattributes"
 106:Drivers/CMSIS/Include/cmsis_gcc.h ****   __PACKED_STRUCT T_UINT32_READ { uint32_t v; };
 107:Drivers/CMSIS/Include/cmsis_gcc.h ****   #pragma GCC diagnostic pop
 108:Drivers/CMSIS/Include/cmsis_gcc.h ****   #define __UNALIGNED_UINT32_READ(addr)          (((const struct T_UINT32_READ *)(const void *)(add
 109:Drivers/CMSIS/Include/cmsis_gcc.h **** #endif
 110:Drivers/CMSIS/Include/cmsis_gcc.h **** #ifndef   __ALIGNED
 111:Drivers/CMSIS/Include/cmsis_gcc.h ****   #define __ALIGNED(x)                           __attribute__((aligned(x)))
 112:Drivers/CMSIS/Include/cmsis_gcc.h **** #endif
 113:Drivers/CMSIS/Include/cmsis_gcc.h **** #ifndef   __RESTRICT
 114:Drivers/CMSIS/Include/cmsis_gcc.h ****   #define __RESTRICT                             __restrict
 115:Drivers/CMSIS/Include/cmsis_gcc.h **** #endif
 116:Drivers/CMSIS/Include/cmsis_gcc.h **** 
 117:Drivers/CMSIS/Include/cmsis_gcc.h **** 
 118:Drivers/CMSIS/Include/cmsis_gcc.h **** /* ###########################  Core Function Access  ########################### */
 119:Drivers/CMSIS/Include/cmsis_gcc.h **** /** \ingroup  CMSIS_Core_FunctionInterface
 120:Drivers/CMSIS/Include/cmsis_gcc.h ****     \defgroup CMSIS_Core_RegAccFunctions CMSIS Core Register Access Functions
 121:Drivers/CMSIS/Include/cmsis_gcc.h ****   @{
 122:Drivers/CMSIS/Include/cmsis_gcc.h ****  */
 123:Drivers/CMSIS/Include/cmsis_gcc.h **** 
 124:Drivers/CMSIS/Include/cmsis_gcc.h **** /**
 125:Drivers/CMSIS/Include/cmsis_gcc.h ****   \brief   Enable IRQ Interrupts
 126:Drivers/CMSIS/Include/cmsis_gcc.h ****   \details Enables IRQ interrupts by clearing the I-bit in the CPSR.
 127:Drivers/CMSIS/Include/cmsis_gcc.h ****            Can only be executed in Privileged modes.
 128:Drivers/CMSIS/Include/cmsis_gcc.h ****  */
 129:Drivers/CMSIS/Include/cmsis_gcc.h **** __STATIC_FORCEINLINE void __enable_irq(void)
 130:Drivers/CMSIS/Include/cmsis_gcc.h **** {
 131:Drivers/CMSIS/Include/cmsis_gcc.h ****   __ASM volatile ("cpsie i" : : : "memory");
 132:Drivers/CMSIS/Include/cmsis_gcc.h **** }
 133:Drivers/CMSIS/Include/cmsis_gcc.h **** 
 134:Drivers/CMSIS/Include/cmsis_gcc.h **** 
 135:Drivers/CMSIS/Include/cmsis_gcc.h **** /**
ARM GAS  C:\Users\papai\AppData\Local\Temp\ccF7sGV6.s 			page 7


 136:Drivers/CMSIS/Include/cmsis_gcc.h ****   \brief   Disable IRQ Interrupts
 137:Drivers/CMSIS/Include/cmsis_gcc.h ****   \details Disables IRQ interrupts by setting the I-bit in the CPSR.
 138:Drivers/CMSIS/Include/cmsis_gcc.h ****            Can only be executed in Privileged modes.
 139:Drivers/CMSIS/Include/cmsis_gcc.h ****  */
 140:Drivers/CMSIS/Include/cmsis_gcc.h **** __STATIC_FORCEINLINE void __disable_irq(void)
  39              		.loc 2 140 27 view .LVU2
  40              	.LBB5:
 141:Drivers/CMSIS/Include/cmsis_gcc.h **** {
 142:Drivers/CMSIS/Include/cmsis_gcc.h ****   __ASM volatile ("cpsid i" : : : "memory");
  41              		.loc 2 142 3 view .LVU3
  42              		.syntax unified
  43              	@ 142 "Drivers/CMSIS/Include/cmsis_gcc.h" 1
  44 0000 72B6     		cpsid i
  45              	@ 0 "" 2
  46              		.thumb
  47              		.syntax unified
  48              	.L2:
  49              	.LBE5:
  50              	.LBE4:
 171:Core/Src/main.c ****   while (1)
  51              		.loc 1 171 3 discriminator 1 view .LVU4
 172:Core/Src/main.c ****   {
 173:Core/Src/main.c ****   }
  52              		.loc 1 173 3 discriminator 1 view .LVU5
 171:Core/Src/main.c ****   while (1)
  53              		.loc 1 171 9 discriminator 1 view .LVU6
  54 0002 FEE7     		b	.L2
  55              		.cfi_endproc
  56              	.LFE136:
  58              		.section	.text.SystemClock_Config,"ax",%progbits
  59              		.align	1
  60              		.global	SystemClock_Config
  61              		.syntax unified
  62              		.thumb
  63              		.thumb_func
  65              	SystemClock_Config:
  66              	.LFB135:
 122:Core/Src/main.c ****   RCC_OscInitTypeDef RCC_OscInitStruct = {0};
  67              		.loc 1 122 1 view -0
  68              		.cfi_startproc
  69              		@ args = 0, pretend = 0, frame = 80
  70              		@ frame_needed = 0, uses_anonymous_args = 0
  71 0000 00B5     		push	{lr}
  72              	.LCFI0:
  73              		.cfi_def_cfa_offset 4
  74              		.cfi_offset 14, -4
  75 0002 95B0     		sub	sp, sp, #84
  76              	.LCFI1:
  77              		.cfi_def_cfa_offset 88
 123:Core/Src/main.c ****   RCC_ClkInitTypeDef RCC_ClkInitStruct = {0};
  78              		.loc 1 123 3 view .LVU8
 123:Core/Src/main.c ****   RCC_ClkInitTypeDef RCC_ClkInitStruct = {0};
  79              		.loc 1 123 22 is_stmt 0 view .LVU9
  80 0004 3022     		movs	r2, #48
  81 0006 0021     		movs	r1, #0
  82 0008 08A8     		add	r0, sp, #32
  83 000a FFF7FEFF 		bl	memset
ARM GAS  C:\Users\papai\AppData\Local\Temp\ccF7sGV6.s 			page 8


  84              	.LVL0:
 124:Core/Src/main.c **** 
  85              		.loc 1 124 3 is_stmt 1 view .LVU10
 124:Core/Src/main.c **** 
  86              		.loc 1 124 22 is_stmt 0 view .LVU11
  87 000e 0023     		movs	r3, #0
  88 0010 0393     		str	r3, [sp, #12]
  89 0012 0493     		str	r3, [sp, #16]
  90 0014 0593     		str	r3, [sp, #20]
  91 0016 0693     		str	r3, [sp, #24]
  92 0018 0793     		str	r3, [sp, #28]
 128:Core/Src/main.c ****   __HAL_PWR_VOLTAGESCALING_CONFIG(PWR_REGULATOR_VOLTAGE_SCALE1);
  93              		.loc 1 128 3 is_stmt 1 view .LVU12
  94              	.LBB6:
 128:Core/Src/main.c ****   __HAL_PWR_VOLTAGESCALING_CONFIG(PWR_REGULATOR_VOLTAGE_SCALE1);
  95              		.loc 1 128 3 view .LVU13
  96 001a 0193     		str	r3, [sp, #4]
 128:Core/Src/main.c ****   __HAL_PWR_VOLTAGESCALING_CONFIG(PWR_REGULATOR_VOLTAGE_SCALE1);
  97              		.loc 1 128 3 view .LVU14
  98 001c 184A     		ldr	r2, .L9
  99 001e 116C     		ldr	r1, [r2, #64]
 100 0020 41F08051 		orr	r1, r1, #268435456
 101 0024 1164     		str	r1, [r2, #64]
 128:Core/Src/main.c ****   __HAL_PWR_VOLTAGESCALING_CONFIG(PWR_REGULATOR_VOLTAGE_SCALE1);
 102              		.loc 1 128 3 view .LVU15
 103 0026 126C     		ldr	r2, [r2, #64]
 104 0028 02F08052 		and	r2, r2, #268435456
 105 002c 0192     		str	r2, [sp, #4]
 128:Core/Src/main.c ****   __HAL_PWR_VOLTAGESCALING_CONFIG(PWR_REGULATOR_VOLTAGE_SCALE1);
 106              		.loc 1 128 3 view .LVU16
 107 002e 019A     		ldr	r2, [sp, #4]
 108              	.LBE6:
 128:Core/Src/main.c ****   __HAL_PWR_VOLTAGESCALING_CONFIG(PWR_REGULATOR_VOLTAGE_SCALE1);
 109              		.loc 1 128 3 view .LVU17
 129:Core/Src/main.c **** 
 110              		.loc 1 129 3 view .LVU18
 111              	.LBB7:
 129:Core/Src/main.c **** 
 112              		.loc 1 129 3 view .LVU19
 113 0030 0293     		str	r3, [sp, #8]
 129:Core/Src/main.c **** 
 114              		.loc 1 129 3 view .LVU20
 115 0032 144A     		ldr	r2, .L9+4
 116 0034 1168     		ldr	r1, [r2]
 117 0036 41F48041 		orr	r1, r1, #16384
 118 003a 1160     		str	r1, [r2]
 129:Core/Src/main.c **** 
 119              		.loc 1 129 3 view .LVU21
 120 003c 1268     		ldr	r2, [r2]
 121 003e 02F48042 		and	r2, r2, #16384
 122 0042 0292     		str	r2, [sp, #8]
 129:Core/Src/main.c **** 
 123              		.loc 1 129 3 view .LVU22
 124 0044 029A     		ldr	r2, [sp, #8]
 125              	.LBE7:
 129:Core/Src/main.c **** 
 126              		.loc 1 129 3 view .LVU23
ARM GAS  C:\Users\papai\AppData\Local\Temp\ccF7sGV6.s 			page 9


 134:Core/Src/main.c ****   RCC_OscInitStruct.HSIState = RCC_HSI_ON;
 127              		.loc 1 134 3 view .LVU24
 134:Core/Src/main.c ****   RCC_OscInitStruct.HSIState = RCC_HSI_ON;
 128              		.loc 1 134 36 is_stmt 0 view .LVU25
 129 0046 0222     		movs	r2, #2
 130 0048 0892     		str	r2, [sp, #32]
 135:Core/Src/main.c ****   RCC_OscInitStruct.HSICalibrationValue = RCC_HSICALIBRATION_DEFAULT;
 131              		.loc 1 135 3 is_stmt 1 view .LVU26
 135:Core/Src/main.c ****   RCC_OscInitStruct.HSICalibrationValue = RCC_HSICALIBRATION_DEFAULT;
 132              		.loc 1 135 30 is_stmt 0 view .LVU27
 133 004a 0122     		movs	r2, #1
 134 004c 0B92     		str	r2, [sp, #44]
 136:Core/Src/main.c ****   RCC_OscInitStruct.PLL.PLLState = RCC_PLL_NONE;
 135              		.loc 1 136 3 is_stmt 1 view .LVU28
 136:Core/Src/main.c ****   RCC_OscInitStruct.PLL.PLLState = RCC_PLL_NONE;
 136              		.loc 1 136 41 is_stmt 0 view .LVU29
 137 004e 1022     		movs	r2, #16
 138 0050 0C92     		str	r2, [sp, #48]
 137:Core/Src/main.c ****   if (HAL_RCC_OscConfig(&RCC_OscInitStruct) != HAL_OK)
 139              		.loc 1 137 3 is_stmt 1 view .LVU30
 137:Core/Src/main.c ****   if (HAL_RCC_OscConfig(&RCC_OscInitStruct) != HAL_OK)
 140              		.loc 1 137 34 is_stmt 0 view .LVU31
 141 0052 0E93     		str	r3, [sp, #56]
 138:Core/Src/main.c ****   {
 142              		.loc 1 138 3 is_stmt 1 view .LVU32
 138:Core/Src/main.c ****   {
 143              		.loc 1 138 7 is_stmt 0 view .LVU33
 144 0054 08A8     		add	r0, sp, #32
 145 0056 FFF7FEFF 		bl	HAL_RCC_OscConfig
 146              	.LVL1:
 138:Core/Src/main.c ****   {
 147              		.loc 1 138 6 view .LVU34
 148 005a 68B9     		cbnz	r0, .L7
 145:Core/Src/main.c ****                               |RCC_CLOCKTYPE_PCLK1|RCC_CLOCKTYPE_PCLK2;
 149              		.loc 1 145 3 is_stmt 1 view .LVU35
 145:Core/Src/main.c ****                               |RCC_CLOCKTYPE_PCLK1|RCC_CLOCKTYPE_PCLK2;
 150              		.loc 1 145 31 is_stmt 0 view .LVU36
 151 005c 0F23     		movs	r3, #15
 152 005e 0393     		str	r3, [sp, #12]
 147:Core/Src/main.c ****   RCC_ClkInitStruct.AHBCLKDivider = RCC_SYSCLK_DIV1;
 153              		.loc 1 147 3 is_stmt 1 view .LVU37
 147:Core/Src/main.c ****   RCC_ClkInitStruct.AHBCLKDivider = RCC_SYSCLK_DIV1;
 154              		.loc 1 147 34 is_stmt 0 view .LVU38
 155 0060 0021     		movs	r1, #0
 156 0062 0491     		str	r1, [sp, #16]
 148:Core/Src/main.c ****   RCC_ClkInitStruct.APB1CLKDivider = RCC_HCLK_DIV1;
 157              		.loc 1 148 3 is_stmt 1 view .LVU39
 148:Core/Src/main.c ****   RCC_ClkInitStruct.APB1CLKDivider = RCC_HCLK_DIV1;
 158              		.loc 1 148 35 is_stmt 0 view .LVU40
 159 0064 0591     		str	r1, [sp, #20]
 149:Core/Src/main.c ****   RCC_ClkInitStruct.APB2CLKDivider = RCC_HCLK_DIV1;
 160              		.loc 1 149 3 is_stmt 1 view .LVU41
 149:Core/Src/main.c ****   RCC_ClkInitStruct.APB2CLKDivider = RCC_HCLK_DIV1;
 161              		.loc 1 149 36 is_stmt 0 view .LVU42
 162 0066 0691     		str	r1, [sp, #24]
 150:Core/Src/main.c **** 
 163              		.loc 1 150 3 is_stmt 1 view .LVU43
ARM GAS  C:\Users\papai\AppData\Local\Temp\ccF7sGV6.s 			page 10


 150:Core/Src/main.c **** 
 164              		.loc 1 150 36 is_stmt 0 view .LVU44
 165 0068 0791     		str	r1, [sp, #28]
 152:Core/Src/main.c ****   {
 166              		.loc 1 152 3 is_stmt 1 view .LVU45
 152:Core/Src/main.c ****   {
 167              		.loc 1 152 7 is_stmt 0 view .LVU46
 168 006a 03A8     		add	r0, sp, #12
 169 006c FFF7FEFF 		bl	HAL_RCC_ClockConfig
 170              	.LVL2:
 152:Core/Src/main.c ****   {
 171              		.loc 1 152 6 view .LVU47
 172 0070 20B9     		cbnz	r0, .L8
 156:Core/Src/main.c **** 
 173              		.loc 1 156 1 view .LVU48
 174 0072 15B0     		add	sp, sp, #84
 175              	.LCFI2:
 176              		.cfi_remember_state
 177              		.cfi_def_cfa_offset 4
 178              		@ sp needed
 179 0074 5DF804FB 		ldr	pc, [sp], #4
 180              	.L7:
 181              	.LCFI3:
 182              		.cfi_restore_state
 140:Core/Src/main.c ****   }
 183              		.loc 1 140 5 is_stmt 1 view .LVU49
 184 0078 FFF7FEFF 		bl	Error_Handler
 185              	.LVL3:
 186              	.L8:
 154:Core/Src/main.c ****   }
 187              		.loc 1 154 5 view .LVU50
 188 007c FFF7FEFF 		bl	Error_Handler
 189              	.LVL4:
 190              	.L10:
 191              		.align	2
 192              	.L9:
 193 0080 00380240 		.word	1073887232
 194 0084 00700040 		.word	1073770496
 195              		.cfi_endproc
 196              	.LFE135:
 198              		.section	.text.main,"ax",%progbits
 199              		.align	1
 200              		.global	main
 201              		.syntax unified
 202              		.thumb
 203              		.thumb_func
 205              	main:
 206              	.LFB134:
  69:Core/Src/main.c ****   /* USER CODE BEGIN 1 */
 207              		.loc 1 69 1 view -0
 208              		.cfi_startproc
 209              		@ Volatile: function does not return.
 210              		@ args = 0, pretend = 0, frame = 0
 211              		@ frame_needed = 0, uses_anonymous_args = 0
 212 0000 08B5     		push	{r3, lr}
 213              	.LCFI4:
 214              		.cfi_def_cfa_offset 8
ARM GAS  C:\Users\papai\AppData\Local\Temp\ccF7sGV6.s 			page 11


 215              		.cfi_offset 3, -8
 216              		.cfi_offset 14, -4
  77:Core/Src/main.c **** 
 217              		.loc 1 77 3 view .LVU52
 218 0002 FFF7FEFF 		bl	HAL_Init
 219              	.LVL5:
  84:Core/Src/main.c **** 
 220              		.loc 1 84 3 view .LVU53
 221 0006 FFF7FEFF 		bl	SystemClock_Config
 222              	.LVL6:
  91:Core/Src/main.c ****   MX_SPI1_Init();
 223              		.loc 1 91 3 view .LVU54
 224 000a FFF7FEFF 		bl	MX_GPIO_Init
 225              	.LVL7:
  92:Core/Src/main.c ****   MX_USART1_Init();
 226              		.loc 1 92 3 view .LVU55
 227 000e FFF7FEFF 		bl	MX_SPI1_Init
 228              	.LVL8:
  93:Core/Src/main.c ****   /* USER CODE BEGIN 2 */
 229              		.loc 1 93 3 view .LVU56
 230 0012 FFF7FEFF 		bl	MX_USART1_Init
 231              	.LVL9:
  99:Core/Src/main.c ****   MX_FREERTOS_Init();
 232              		.loc 1 99 3 view .LVU57
 233 0016 FFF7FEFF 		bl	osKernelInitialize
 234              	.LVL10:
 100:Core/Src/main.c **** 
 235              		.loc 1 100 3 view .LVU58
 236 001a FFF7FEFF 		bl	MX_FREERTOS_Init
 237              	.LVL11:
 103:Core/Src/main.c **** 
 238              		.loc 1 103 3 view .LVU59
 239 001e FFF7FEFF 		bl	osKernelStart
 240              	.LVL12:
 241              	.L12:
 108:Core/Src/main.c ****   {
 242              		.loc 1 108 3 discriminator 1 view .LVU60
 113:Core/Src/main.c ****   /* USER CODE END 3 */
 243              		.loc 1 113 3 discriminator 1 view .LVU61
 108:Core/Src/main.c ****   {
 244              		.loc 1 108 9 discriminator 1 view .LVU62
 245 0022 FEE7     		b	.L12
 246              		.cfi_endproc
 247              	.LFE134:
 249              		.text
 250              	.Letext0:
 251              		.file 3 "c:\\program files (x86)\\gnu arm embedded toolchain\\10 2021.10\\arm-none-eabi\\include\\
 252              		.file 4 "c:\\program files (x86)\\gnu arm embedded toolchain\\10 2021.10\\arm-none-eabi\\include\\
 253              		.file 5 "Drivers/CMSIS/Device/ST/STM32F4xx/Include/stm32f407xx.h"
 254              		.file 6 "Drivers/STM32F4xx_HAL_Driver/Inc/stm32f4xx_hal_rcc_ex.h"
 255              		.file 7 "Drivers/STM32F4xx_HAL_Driver/Inc/stm32f4xx_hal_rcc.h"
 256              		.file 8 "Drivers/STM32F4xx_HAL_Driver/Inc/stm32f4xx_hal.h"
 257              		.file 9 "Core/Inc/gpio.h"
 258              		.file 10 "Core/Inc/spi.h"
 259              		.file 11 "Core/Inc/usart.h"
 260              		.file 12 "Middlewares/Third_Party/FreeRTOS/Source/CMSIS_RTOS_V2/cmsis_os2.h"
 261              		.file 13 "Drivers/STM32F4xx_HAL_Driver/Inc/stm32f4xx_hal_def.h"
ARM GAS  C:\Users\papai\AppData\Local\Temp\ccF7sGV6.s 			page 12


 262              		.file 14 "<built-in>"
ARM GAS  C:\Users\papai\AppData\Local\Temp\ccF7sGV6.s 			page 13


DEFINED SYMBOLS
                            *ABS*:00000000 main.c
C:\Users\papai\AppData\Local\Temp\ccF7sGV6.s:20     .text.Error_Handler:00000000 $t
C:\Users\papai\AppData\Local\Temp\ccF7sGV6.s:26     .text.Error_Handler:00000000 Error_Handler
C:\Users\papai\AppData\Local\Temp\ccF7sGV6.s:59     .text.SystemClock_Config:00000000 $t
C:\Users\papai\AppData\Local\Temp\ccF7sGV6.s:65     .text.SystemClock_Config:00000000 SystemClock_Config
C:\Users\papai\AppData\Local\Temp\ccF7sGV6.s:193    .text.SystemClock_Config:00000080 $d
C:\Users\papai\AppData\Local\Temp\ccF7sGV6.s:199    .text.main:00000000 $t
C:\Users\papai\AppData\Local\Temp\ccF7sGV6.s:205    .text.main:00000000 main

UNDEFINED SYMBOLS
memset
HAL_RCC_OscConfig
HAL_RCC_ClockConfig
HAL_Init
MX_GPIO_Init
MX_SPI1_Init
MX_USART1_Init
osKernelInitialize
MX_FREERTOS_Init
osKernelStart
